# JRE version: OpenJDK Runtime Environment (8.0_222-b10) (build 1.8.0_222-4-redhat-b10)
# Java VM: OpenJDK 64-Bit Server VM (25.222-b10 mixed mode windows-amd64 compressed oops)
Heap:
 PSYoungGen      total 39936K, used 6803K [0x00000000e2c00000, 0x00000000e5c00000, 0x0000000100000000)
  eden space 33280K, 14% used [0x00000000e2c00000,0x00000000e308fe70,0x00000000e4c80000)
  from space 6656K, 32% used [0x00000000e5380000,0x00000000e5594f60,0x00000000e5a00000)
  to   space 7168K, 0% used [0x00000000e4c80000,0x00000000e4c80000,0x00000000e5380000)
 ParOldGen       total 60416K, used 13541K [0x00000000a8400000, 0x00000000abf00000, 0x00000000e2c00000)
  object space 60416K, 22% used [0x00000000a8400000,0x00000000a91394e8,0x00000000abf00000)
 Metaspace       used 17985K, capacity 18376K, committed 18688K, reserved 1067008K
  class space    used 1944K, capacity 2023K, committed 2048K, reserved 1048576K
GC Heap History (20 events):
Event: 6.920 GC heap before
{Heap before GC invocations=1 (full 0):
 PSYoungGen      total 26112K, used 22528K [0x00000000e2c00000, 0x00000000e4900000, 0x0000000100000000)
  eden space 22528K, 100% used [0x00000000e2c00000,0x00000000e4200000,0x00000000e4200000)
  from space 3584K, 0% used [0x00000000e4580000,0x00000000e4580000,0x00000000e4900000)
  to   space 3584K, 0% used [0x00000000e4200000,0x00000000e4200000,0x00000000e4580000)
 ParOldGen       total 60416K, used 0K [0x00000000a8400000, 0x00000000abf00000, 0x00000000e2c00000)
  object space 60416K, 0% used [0x00000000a8400000,0x00000000a8400000,0x00000000abf00000)
 Metaspace       used 8228K, capacity 8348K, committed 8576K, reserved 1056768K
  class space    used 850K, capacity 888K, committed 896K, reserved 1048576K
Event: 6.970 GC heap after
Heap after GC invocations=1 (full 0):
 PSYoungGen      total 26112K, used 3552K [0x00000000e2c00000, 0x00000000e4900000, 0x0000000100000000)
  eden space 22528K, 0% used [0x00000000e2c00000,0x00000000e2c00000,0x00000000e4200000)
  from space 3584K, 99% used [0x00000000e4200000,0x00000000e4578098,0x00000000e4580000)
  to   space 3584K, 0% used [0x00000000e4580000,0x00000000e4580000,0x00000000e4900000)
 ParOldGen       total 60416K, used 316K [0x00000000a8400000, 0x00000000abf00000, 0x00000000e2c00000)
  object space 60416K, 0% used [0x00000000a8400000,0x00000000a844f360,0x00000000abf00000)
 Metaspace       used 8228K, capacity 8348K, committed 8576K, reserved 1056768K
  class space    used 850K, capacity 888K, committed 896K, reserved 1048576K
}
Event: 8.746 GC heap before
{Heap before GC invocations=2 (full 0):
 PSYoungGen      total 26112K, used 26080K [0x00000000e2c00000, 0x00000000e4900000, 0x0000000100000000)
  eden space 22528K, 100% used [0x00000000e2c00000,0x00000000e4200000,0x00000000e4200000)
  from space 3584K, 99% used [0x00000000e4200000,0x00000000e4578098,0x00000000e4580000)
  to   space 3584K, 0% used [0x00000000e4580000,0x00000000e4580000,0x00000000e4900000)
 ParOldGen       total 60416K, used 316K [0x00000000a8400000, 0x00000000abf00000, 0x00000000e2c00000)
  object space 60416K, 0% used [0x00000000a8400000,0x00000000a844f360,0x00000000abf00000)
 Metaspace       used 9975K, capacity 10098K, committed 10368K, reserved 1058816K
  class space    used 1103K, capacity 1148K, committed 1152K, reserved 1048576K
Event: 8.756 GC heap after
Heap after GC invocations=2 (full 0):
 PSYoungGen      total 26112K, used 3580K [0x00000000e2c00000, 0x00000000e4900000, 0x0000000100000000)
  eden space 22528K, 0% used [0x00000000e2c00000,0x00000000e2c00000,0x00000000e4200000)
  from space 3584K, 99% used [0x00000000e4580000,0x00000000e48ff248,0x00000000e4900000)
  to   space 3584K, 0% used [0x00000000e4200000,0x00000000e4200000,0x00000000e4580000)
 ParOldGen       total 60416K, used 627K [0x00000000a8400000, 0x00000000abf00000, 0x00000000e2c00000)
  object space 60416K, 1% used [0x00000000a8400000,0x00000000a849cf18,0x00000000abf00000)
 Metaspace       used 9975K, capacity 10098K, committed 10368K, reserved 1058816K
  class space    used 1103K, capacity 1148K, committed 1152K, reserved 1048576K
}
Event: 10.351 GC heap before
{Heap before GC invocations=3 (full 0):
 PSYoungGen      total 26112K, used 26108K [0x00000000e2c00000, 0x00000000e4900000, 0x0000000100000000)
  eden space 22528K, 100% used [0x00000000e2c00000,0x00000000e4200000,0x00000000e4200000)
  from space 3584K, 99% used [0x00000000e4580000,0x00000000e48ff248,0x00000000e4900000)
  to   space 3584K, 0% used [0x00000000e4200000,0x00000000e4200000,0x00000000e4580000)
 ParOldGen       total 60416K, used 627K [0x00000000a8400000, 0x00000000abf00000, 0x00000000e2c00000)
  object space 60416K, 1% used [0x00000000a8400000,0x00000000a849cf18,0x00000000abf00000)
 Metaspace       used 11959K, capacity 12206K, committed 12544K, reserved 1060864K
  class space    used 1347K, capacity 1446K, committed 1536K, reserved 1048576K
Event: 10.370 GC heap after
Heap after GC invocations=3 (full 0):
 PSYoungGen      total 26112K, used 3569K [0x00000000e2c00000, 0x00000000e4900000, 0x0000000100000000)
  eden space 22528K, 0% used [0x00000000e2c00000,0x00000000e2c00000,0x00000000e4200000)
  from space 3584K, 99% used [0x00000000e4200000,0x00000000e457c498,0x00000000e4580000)
  to   space 3584K, 0% used [0x00000000e4580000,0x00000000e4580000,0x00000000e4900000)
 ParOldGen       total 60416K, used 2261K [0x00000000a8400000, 0x00000000abf00000, 0x00000000e2c00000)
  object space 60416K, 3% used [0x00000000a8400000,0x00000000a8635418,0x00000000abf00000)
 Metaspace       used 11959K, capacity 12206K, committed 12544K, reserved 1060864K
  class space    used 1347K, capacity 1446K, committed 1536K, reserved 1048576K
}
Event: 13.431 GC heap before
{Heap before GC invocations=4 (full 0):
 PSYoungGen      total 26112K, used 26097K [0x00000000e2c00000, 0x00000000e4900000, 0x0000000100000000)
  eden space 22528K, 100% used [0x00000000e2c00000,0x00000000e4200000,0x00000000e4200000)
  from space 3584K, 99% used [0x00000000e4200000,0x00000000e457c498,0x00000000e4580000)
  to   space 3584K, 0% used [0x00000000e4580000,0x00000000e4580000,0x00000000e4900000)
 ParOldGen       total 60416K, used 2261K [0x00000000a8400000, 0x00000000abf00000, 0x00000000e2c00000)
  object space 60416K, 3% used [0x00000000a8400000,0x00000000a8635418,0x00000000abf00000)
 Metaspace       used 14210K, capacity 14468K, committed 14592K, reserved 1062912K
  class space    used 1658K, capacity 1769K, committed 1792K, reserved 1048576K
Event: 13.447 GC heap after
Heap after GC invocations=4 (full 0):
 PSYoungGen      total 26112K, used 3552K [0x00000000e2c00000, 0x00000000e4900000, 0x0000000100000000)
  eden space 22528K, 0% used [0x00000000e2c00000,0x00000000e2c00000,0x00000000e4200000)
  from space 3584K, 99% used [0x00000000e4580000,0x00000000e48f8020,0x00000000e4900000)
  to   space 3584K, 0% used [0x00000000e4200000,0x00000000e4200000,0x00000000e4580000)
 ParOldGen       total 60416K, used 4433K [0x00000000a8400000, 0x00000000abf00000, 0x00000000e2c00000)
  object space 60416K, 7% used [0x00000000a8400000,0x00000000a88545e0,0x00000000abf00000)
 Metaspace       used 14210K, capacity 14468K, committed 14592K, reserved 1062912K
  class space    used 1658K, capacity 1769K, committed 1792K, reserved 1048576K
}
Event: 17.549 GC heap before
{Heap before GC invocations=5 (full 0):
 PSYoungGen      total 26112K, used 26080K [0x00000000e2c00000, 0x00000000e4900000, 0x0000000100000000)
  eden space 22528K, 100% used [0x00000000e2c00000,0x00000000e4200000,0x00000000e4200000)
  from space 3584K, 99% used [0x00000000e4580000,0x00000000e48f8020,0x00000000e4900000)
  to   space 3584K, 0% used [0x00000000e4200000,0x00000000e4200000,0x00000000e4580000)
 ParOldGen       total 60416K, used 4433K [0x00000000a8400000, 0x00000000abf00000, 0x00000000e2c00000)
  object space 60416K, 7% used [0x00000000a8400000,0x00000000a88545e0,0x00000000abf00000)
 Metaspace       used 16400K, capacity 16688K, committed 17152K, reserved 1064960K
  class space    used 1852K, capacity 1941K, committed 2048K, reserved 1048576K
Event: 17.568 GC heap after
Heap after GC invocations=5 (full 0):
 PSYoungGen      total 25600K, used 3568K [0x00000000e2c00000, 0x00000000e4f80000, 0x0000000100000000)
  eden space 22016K, 0% used [0x00000000e2c00000,0x00000000e2c00000,0x00000000e4180000)
  from space 3584K, 99% used [0x00000000e4200000,0x00000000e457c010,0x00000000e4580000)
  to   space 7168K, 0% used [0x00000000e4880000,0x00000000e4880000,0x00000000e4f80000)
 ParOldGen       total 60416K, used 7117K [0x00000000a8400000, 0x00000000abf00000, 0x00000000e2c00000)
  object space 60416K, 11% used [0x00000000a8400000,0x00000000a8af3418,0x00000000abf00000)
 Metaspace       used 16400K, capacity 16688K, committed 17152K, reserved 1064960K
  class space    used 1852K, capacity 1941K, committed 2048K, reserved 1048576K
}
Event: 20.375 GC heap before
{Heap before GC invocations=6 (full 0):
 PSYoungGen      total 25600K, used 25584K [0x00000000e2c00000, 0x00000000e4f80000, 0x0000000100000000)
  eden space 22016K, 100% used [0x00000000e2c00000,0x00000000e4180000,0x00000000e4180000)
  from space 3584K, 99% used [0x00000000e4200000,0x00000000e457c010,0x00000000e4580000)
  to   space 7168K, 0% used [0x00000000e4880000,0x00000000e4880000,0x00000000e4f80000)
 ParOldGen       total 60416K, used 7117K [0x00000000a8400000, 0x00000000abf00000, 0x00000000e2c00000)
  object space 60416K, 11% used [0x00000000a8400000,0x00000000a8af3418,0x00000000abf00000)
 Metaspace       used 16813K, capacity 17046K, committed 17408K, reserved 1064960K
  class space    used 1872K, capacity 1974K, committed 2048K, reserved 1048576K
Event: 20.397 GC heap after
Heap after GC invocations=6 (full 0):
 PSYoungGen      total 28160K, used 4656K [0x00000000e2c00000, 0x00000000e4f00000, 0x0000000100000000)
  eden space 21504K, 0% used [0x00000000e2c00000,0x00000000e2c00000,0x00000000e4100000)
  from space 6656K, 69% used [0x00000000e4880000,0x00000000e4d0c030,0x00000000e4f00000)
  to   space 7168K, 0% used [0x00000000e4100000,0x00000000e4100000,0x00000000e4800000)
 ParOldGen       total 60416K, used 7117K [0x00000000a8400000, 0x00000000abf00000, 0x00000000e2c00000)
  object space 60416K, 11% used [0x00000000a8400000,0x00000000a8af3418,0x00000000abf00000)
 Metaspace       used 16813K, capacity 17046K, committed 17408K, reserved 1064960K
  class space    used 1872K, capacity 1974K, committed 2048K, reserved 1048576K
}
Event: 21.959 GC heap before
{Heap before GC invocations=7 (full 0):
 PSYoungGen      total 28160K, used 26160K [0x00000000e2c00000, 0x00000000e4f00000, 0x0000000100000000)
  eden space 21504K, 100% used [0x00000000e2c00000,0x00000000e4100000,0x00000000e4100000)
  from space 6656K, 69% used [0x00000000e4880000,0x00000000e4d0c030,0x00000000e4f00000)
  to   space 7168K, 0% used [0x00000000e4100000,0x00000000e4100000,0x00000000e4800000)
 ParOldGen       total 60416K, used 7117K [0x00000000a8400000, 0x00000000abf00000, 0x00000000e2c00000)
  object space 60416K, 11% used [0x00000000a8400000,0x00000000a8af3418,0x00000000abf00000)
 Metaspace       used 17040K, capacity 17382K, committed 17664K, reserved 1064960K
  class space    used 1875K, capacity 1976K, committed 2048K, reserved 1048576K
Event: 21.978 GC heap after
Heap after GC invocations=7 (full 0):
 PSYoungGen      total 26112K, used 4880K [0x00000000e2c00000, 0x00000000e4d80000, 0x0000000100000000)
  eden space 20992K, 0% used [0x00000000e2c00000,0x00000000e2c00000,0x00000000e4080000)
  from space 5120K, 95% used [0x00000000e4100000,0x00000000e45c4010,0x00000000e4600000)
  to   space 6656K, 0% used [0x00000000e4700000,0x00000000e4700000,0x00000000e4d80000)
 ParOldGen       total 60416K, used 8069K [0x00000000a8400000, 0x00000000abf00000, 0x00000000e2c00000)
  object space 60416K, 13% used [0x00000000a8400000,0x00000000a8be14c8,0x00000000abf00000)
 Metaspace       used 17040K, capacity 17382K, committed 17664K, reserved 1064960K
  class space    used 1875K, capacity 1976K, committed 2048K, reserved 1048576K
}
Event: 23.949 GC heap before
{Heap before GC invocations=8 (full 0):
 PSYoungGen      total 26112K, used 25872K [0x00000000e2c00000, 0x00000000e4d80000, 0x0000000100000000)
  eden space 20992K, 100% used [0x00000000e2c00000,0x00000000e4080000,0x00000000e4080000)
  from space 5120K, 95% used [0x00000000e4100000,0x00000000e45c4010,0x00000000e4600000)
  to   space 6656K, 0% used [0x00000000e4700000,0x00000000e4700000,0x00000000e4d80000)
 ParOldGen       total 60416K, used 8069K [0x00000000a8400000, 0x00000000abf00000, 0x00000000e2c00000)
  object space 60416K, 13% used [0x00000000a8400000,0x00000000a8be14c8,0x00000000abf00000)
 Metaspace       used 17259K, capacity 17650K, committed 17920K, reserved 1064960K
  class space    used 1877K, capacity 1978K, committed 2048K, reserved 1048576K
Event: 24.004 GC heap after
Heap after GC invocations=8 (full 0):
 PSYoungGen      total 27648K, used 4320K [0x00000000e2c00000, 0x00000000e4d80000, 0x0000000100000000)
  eden space 20992K, 0% used [0x00000000e2c00000,0x00000000e2c00000,0x00000000e4080000)
  from space 6656K, 64% used [0x00000000e4700000,0x00000000e4b38000,0x00000000e4d80000)
  to   space 5120K, 0% used [0x00000000e4100000,0x00000000e4100000,0x00000000e4600000)
 ParOldGen       total 60416K, used 9501K [0x00000000a8400000, 0x00000000abf00000, 0x00000000e2c00000)
  object space 60416K, 15% used [0x00000000a8400000,0x00000000a8d474e8,0x00000000abf00000)
 Metaspace       used 17259K, capacity 17650K, committed 17920K, reserved 1064960K
  class space    used 1877K, capacity 1978K, committed 2048K, reserved 1048576K
}
Event: 26.524 GC heap before
{Heap before GC invocations=9 (full 0):
 PSYoungGen      total 27648K, used 25312K [0x00000000e2c00000, 0x00000000e4d80000, 0x0000000100000000)
  eden space 20992K, 100% used [0x00000000e2c00000,0x00000000e4080000,0x00000000e4080000)
  from space 6656K, 64% used [0x00000000e4700000,0x00000000e4b38000,0x00000000e4d80000)
  to   space 5120K, 0% used [0x00000000e4100000,0x00000000e4100000,0x00000000e4600000)
 ParOldGen       total 60416K, used 9501K [0x00000000a8400000, 0x00000000abf00000, 0x00000000e2c00000)
  object space 60416K, 15% used [0x00000000a8400000,0x00000000a8d474e8,0x00000000abf00000)
 Metaspace       used 17526K, capacity 17872K, committed 18176K, reserved 1064960K
  class space    used 1890K, capacity 1983K, committed 2048K, reserved 1048576K
Event: 26.742 GC heap after
Heap after GC invocations=9 (full 0):
 PSYoungGen      total 26624K, used 3264K [0x00000000e2c00000, 0x00000000e5a00000, 0x0000000100000000)
  eden space 21504K, 0% used [0x00000000e2c00000,0x00000000e2c00000,0x00000000e4100000)
  from space 5120K, 63% used [0x00000000e4100000,0x00000000e4430000,0x00000000e4600000)
  to   space 6656K, 0% used [0x00000000e5380000,0x00000000e5380000,0x00000000e5a00000)
 ParOldGen       total 60416K, used 11533K [0x00000000a8400000, 0x00000000abf00000, 0x00000000e2c00000)
  object space 60416K, 19% used [0x00000000a8400000,0x00000000a8f434e8,0x00000000abf00000)
 Metaspace       used 17526K, capacity 17872K, committed 18176K, reserved 1064960K
  class space    used 1890K, capacity 1983K, committed 2048K, reserved 1048576K
}
Event: 29.606 GC heap before
{Heap before GC invocations=10 (full 0):
 PSYoungGen      total 26624K, used 24768K [0x00000000e2c00000, 0x00000000e5a00000, 0x0000000100000000)
  eden space 21504K, 100% used [0x00000000e2c00000,0x00000000e4100000,0x00000000e4100000)
  from space 5120K, 63% used [0x00000000e4100000,0x00000000e4430000,0x00000000e4600000)
  to   space 6656K, 0% used [0x00000000e5380000,0x00000000e5380000,0x00000000e5a00000)
 ParOldGen       total 60416K, used 11533K [0x00000000a8400000, 0x00000000abf00000, 0x00000000e2c00000)
  object space 60416K, 19% used [0x00000000a8400000,0x00000000a8f434e8,0x00000000abf00000)
 Metaspace       used 17968K, capacity 18312K, committed 18432K, reserved 1064960K
  class space    used 1944K, capacity 2023K, committed 2048K, reserved 1048576K
Event: 29.622 GC heap after
Heap after GC invocations=10 (full 0):
 PSYoungGen      total 39936K, used 2131K [0x00000000e2c00000, 0x00000000e5c00000, 0x0000000100000000)
  eden space 33280K, 0% used [0x00000000e2c00000,0x00000000e2c00000,0x00000000e4c80000)
  from space 6656K, 32% used [0x00000000e5380000,0x00000000e5594f60,0x00000000e5a00000)
  to   space 7168K, 0% used [0x00000000e4c80000,0x00000000e4c80000,0x00000000e5380000)
 ParOldGen       total 60416K, used 13541K [0x00000000a8400000, 0x00000000abf00000, 0x00000000e2c00000)
  object space 60416K, 22% used [0x00000000a8400000,0x00000000a91394e8,0x00000000abf00000)
 Metaspace       used 17968K, capacity 18312K, committed 18432K, reserved 1064960K
  class space    used 1944K, capacity 2023K, committed 2048K, reserved 1048576K
}

